||||||||||||||||||||||||||||||||||||||||||||||||||||||||||||||||
PROCESSING...
TOTAL_IMAGES:  1
				
-	-	-	-	-	-	-
IMAGE 1 of 1
			
			
||||||||||||||||||||||||||||||||||||||||||||||||||||||||||||||||
			
filename: 	 M11-2254_[000000-000466]151.tif
			
||||||||||||||||||||||||||||||||||||||||||||||||||||||||||||||||
********************** image_statisctic **********************
[[    1]
 [    0]
 [   14]
 [   59]
 [  510]
 [ 2076]
 [ 6661]
 [13980]
 [21513]
 [25941]
 [24306]
 [19388]
 [19361]
 [28168]
 [40635]
 [46030]
 [43679]
 [39281]
 [36954]
 [32698]
 [27774]
 [22815]
 [20243]
 [18460]
 [17616]
 [16856]
 [15675]
 [15020]
 [14574]
 [15182]
 [16945]
 [17444]
 [15425]
 [13359]
 [11757]
 [10927]
 [    0]
 [10508]
 [ 9200]
 [ 7929]
 [ 6846]
 [ 5449]
 [ 4118]
 [ 3368]
 [ 2691]
 [ 2299]
 [ 2103]
 [ 1793]
 [ 1573]
 [ 1446]
 [ 1215]
 [ 1075]
 [  952]
 [  886]
 [  802]
 [  683]
 [  614]
 [  601]
 [  521]
 [  495]
 [  428]
 [  406]
 [  374]
 [  362]
 [  343]
 [  289]
 [  263]
 [  281]
 [  245]
 [  245]
 [  204]
 [  211]
 [    0]
 [  213]
 [  198]
 [  207]
 [  179]
 [  153]
 [  154]
 [  178]
 [  150]
 [  136]
 [  127]
 [  142]
 [  142]
 [  128]
 [  121]
 [  117]
 [   99]
 [  112]
 [  104]
 [   91]
 [   86]
 [   98]
 [  102]
 [   91]
 [   85]
 [   79]
 [   86]
 [   95]
 [   82]
 [   76]
 [   68]
 [   80]
 [   73]
 [   72]
 [   84]
 [   75]
 [   80]
 [    0]
 [   74]
 [   68]
 [   61]
 [   60]
 [   49]
 [   71]
 [   48]
 [   49]
 [   35]
 [   45]
 [   48]
 [   51]
 [   39]
 [   36]
 [   52]
 [   34]
 [   38]
 [   38]
 [   31]
 [   33]
 [   37]
 [   34]
 [   30]
 [   28]
 [   25]
 [   33]
 [   29]
 [   37]
 [   17]
 [   25]
 [   29]
 [   33]
 [   26]
 [   24]
 [   20]
 [    0]
 [   29]
 [   23]
 [   22]
 [   23]
 [   23]
 [   18]
 [   17]
 [   26]
 [   28]
 [   38]
 [   36]
 [   42]
 [   27]
 [   43]
 [   41]
 [   36]
 [   36]
 [   37]
 [   26]
 [   38]
 [   38]
 [   24]
 [   40]
 [   19]
 [   23]
 [   23]
 [   28]
 [   22]
 [   27]
 [   19]
 [   15]
 [   18]
 [   22]
 [   15]
 [   28]
 [    9]
 [    0]
 [   16]
 [   19]
 [   15]
 [    6]
 [   13]
 [   11]
 [    7]
 [   14]
 [   16]
 [    7]
 [   12]
 [   14]
 [   13]
 [    8]
 [   10]
 [   13]
 [   13]
 [   10]
 [   11]
 [   10]
 [   12]
 [    9]
 [    7]
 [   10]
 [    3]
 [   12]
 [    7]
 [   13]
 [    5]
 [    6]
 [    6]
 [   12]
 [    5]
 [    4]
 [    8]
 [    0]
 [    6]
 [    9]
 [    6]
 [    7]
 [   12]
 [    6]
 [    6]
 [    9]
 [    7]
 [    2]
 [    6]
 [    6]
 [   10]
 [   10]
 [   12]
 [    7]
 [    5]
 [    6]
 [   10]
 [    8]
 [    5]
 [    5]
 [    5]
 [    8]
 [    6]
 [   34]
 [  125]
 [   86]
 [   46]
 [   36]
 [   25]
 [   23]
 [   37]
 [   32]
 [   42]
 [    0]
 [  304]]
pixels in regions: [array([619859]), array([120205]), array([5209]), array([1931]), array([886]), array([701]), array([280]), array([929])] 	
--------------
number: 	 0
percent: 	 82  %
dots_count:	 5
right:		 True
region_total : [619859]
one_part : [123971.8]
len(dots) : 1
needed_dots-1 : 4
len(dots) : 2
needed_dots-1 : 4
len(dots) : 3
needed_dots-1 : 4
len(dots) : 4
needed_dots-1 : 4
dots:		 [12, 16, 20, 27, 32]
--------------
number: 	 1
percent: 	 16  %
dots_count:	 1
right:		 True
region_total : [120205]
one_part : [60102.5]
dots:		 [37]
--------------
number: 	 2
percent: 	 0  %
dots_count:	 1
right:		 True
region_total : [5209]
one_part : [2604.5]
dots:		 [75]
total_dots	 [0, 12, 16, 20, 27, 32, 37, 75, 255]
pixel_counter: 750000 pixels in image; 1/6 part of pixels: 93750
equal regions:  [[0, 9], [9, 13], [13, 16], [16, 19], [19, 24], [24, 30], [30, 255], [30, 41]]
